SF:lib\models\transaction.dart
DA:10,2
DA:17,2
DA:18,4
DA:19,4
DA:20,6
DA:21,4
DA:24,4
DA:25,2
DA:26,2
DA:27,4
DA:28,2
DA:31,2
DA:32,4
LF:13
LH:13
end_of_record
SF:lib\database\transactionsDB.dart
DA:5,6
DA:9,2
DA:11,2
DA:13,4
DA:17,2
DA:18,4
DA:19,2
DA:20,6
DA:23,0
DA:24,0
DA:32,2
DA:33,6
DA:34,4
DA:41,2
DA:42,6
DA:43,4
DA:47,2
DA:48,6
DA:49,4
DA:52,2
DA:54,2
DA:57,0
DA:58,0
DA:59,0
LF:24
LH:19
end_of_record
SF:lib\providers\transactionListProvider.dart
DA:10,1
DA:12,1
DA:13,1
DA:16,1
DA:17,1
DA:20,1
DA:21,3
DA:22,3
DA:23,1
DA:26,1
DA:27,3
DA:29,5
DA:30,1
DA:32,1
DA:35,1
DA:36,3
DA:37,1
DA:38,3
DA:39,1
DA:42,1
DA:43,1
DA:44,3
DA:45,4
DA:46,1
LF:24
LH:24
end_of_record
